<?xml version="1.0" encoding="UTF-8"?>
<testsuite xmlns:xsi="http://www.w3.org/2001/XMLSchema-instance" xsi:noNamespaceSchemaLocation="https://maven.apache.org/surefire/maven-surefire-plugin/xsd/surefire-test-report-3.0.xsd" version="3.0" name="TestSuite" time="308.511" tests="11" errors="0" skipped="0" failures="6">
  <properties>
    <property name="sun.desktop" value="windows"/>
    <property name="awt.toolkit" value="sun.awt.windows.WToolkit"/>
    <property name="file.encoding.pkg" value="sun.io"/>
    <property name="java.specification.version" value="1.8"/>
    <property name="sun.cpu.isalist" value="amd64"/>
    <property name="sun.jnu.encoding" value="Cp1252"/>
    <property name="java.class.path" value="D:\MyFolder\Java\GIT_Himanshu\OrientExchange_E2E\target\test-classes;D:\MyFolder\Java\GIT_Himanshu\OrientExchange_E2E\target\classes;C:\Users\Himanshu\.m2\repository\junit\junit\4.11\junit-4.11.jar;C:\Users\Himanshu\.m2\repository\org\hamcrest\hamcrest-core\1.3\hamcrest-core-1.3.jar;C:\Users\Himanshu\.m2\repository\org\apache\logging\log4j\log4j-api\2.14.1\log4j-api-2.14.1.jar;C:\Users\Himanshu\.m2\repository\org\apache\logging\log4j\log4j-core\2.14.1\log4j-core-2.14.1.jar;C:\Users\Himanshu\.m2\repository\org\seleniumhq\selenium\selenium-java\3.141.59\selenium-java-3.141.59.jar;C:\Users\Himanshu\.m2\repository\org\seleniumhq\selenium\selenium-api\3.141.59\selenium-api-3.141.59.jar;C:\Users\Himanshu\.m2\repository\org\seleniumhq\selenium\selenium-chrome-driver\3.141.59\selenium-chrome-driver-3.141.59.jar;C:\Users\Himanshu\.m2\repository\org\seleniumhq\selenium\selenium-edge-driver\3.141.59\selenium-edge-driver-3.141.59.jar;C:\Users\Himanshu\.m2\repository\org\seleniumhq\selenium\selenium-firefox-driver\3.141.59\selenium-firefox-driver-3.141.59.jar;C:\Users\Himanshu\.m2\repository\org\seleniumhq\selenium\selenium-ie-driver\3.141.59\selenium-ie-driver-3.141.59.jar;C:\Users\Himanshu\.m2\repository\org\seleniumhq\selenium\selenium-opera-driver\3.141.59\selenium-opera-driver-3.141.59.jar;C:\Users\Himanshu\.m2\repository\org\seleniumhq\selenium\selenium-remote-driver\3.141.59\selenium-remote-driver-3.141.59.jar;C:\Users\Himanshu\.m2\repository\org\seleniumhq\selenium\selenium-safari-driver\3.141.59\selenium-safari-driver-3.141.59.jar;C:\Users\Himanshu\.m2\repository\org\seleniumhq\selenium\selenium-support\3.141.59\selenium-support-3.141.59.jar;C:\Users\Himanshu\.m2\repository\net\bytebuddy\byte-buddy\1.8.15\byte-buddy-1.8.15.jar;C:\Users\Himanshu\.m2\repository\org\apache\commons\commons-exec\1.3\commons-exec-1.3.jar;C:\Users\Himanshu\.m2\repository\com\google\guava\guava\25.0-jre\guava-25.0-jre.jar;C:\Users\Himanshu\.m2\repository\com\google\code\findbugs\jsr305\1.3.9\jsr305-1.3.9.jar;C:\Users\Himanshu\.m2\repository\org\checkerframework\checker-compat-qual\2.0.0\checker-compat-qual-2.0.0.jar;C:\Users\Himanshu\.m2\repository\com\google\errorprone\error_prone_annotations\2.1.3\error_prone_annotations-2.1.3.jar;C:\Users\Himanshu\.m2\repository\com\google\j2objc\j2objc-annotations\1.1\j2objc-annotations-1.1.jar;C:\Users\Himanshu\.m2\repository\org\codehaus\mojo\animal-sniffer-annotations\1.14\animal-sniffer-annotations-1.14.jar;C:\Users\Himanshu\.m2\repository\com\squareup\okhttp3\okhttp\3.11.0\okhttp-3.11.0.jar;C:\Users\Himanshu\.m2\repository\com\squareup\okio\okio\1.14.0\okio-1.14.0.jar;C:\Users\Himanshu\.m2\repository\org\testng\testng\6.9.8\testng-6.9.8.jar;C:\Users\Himanshu\.m2\repository\org\beanshell\bsh\2.0b4\bsh-2.0b4.jar;C:\Users\Himanshu\.m2\repository\com\beust\jcommander\1.48\jcommander-1.48.jar;C:\Users\Himanshu\.m2\repository\org\apache\poi\poi-ooxml\3.17\poi-ooxml-3.17.jar;C:\Users\Himanshu\.m2\repository\org\apache\poi\poi-ooxml-schemas\3.17\poi-ooxml-schemas-3.17.jar;C:\Users\Himanshu\.m2\repository\org\apache\xmlbeans\xmlbeans\2.6.0\xmlbeans-2.6.0.jar;C:\Users\Himanshu\.m2\repository\stax\stax-api\1.0.1\stax-api-1.0.1.jar;C:\Users\Himanshu\.m2\repository\com\github\virtuald\curvesapi\1.04\curvesapi-1.04.jar;C:\Users\Himanshu\.m2\repository\org\apache\poi\poi\3.17\poi-3.17.jar;C:\Users\Himanshu\.m2\repository\commons-codec\commons-codec\1.10\commons-codec-1.10.jar;C:\Users\Himanshu\.m2\repository\org\apache\commons\commons-collections4\4.1\commons-collections4-4.1.jar;C:\Users\Himanshu\.m2\repository\com\aventstack\extentreports\4.1.3\extentreports-4.1.3.jar;C:\Users\Himanshu\.m2\repository\org\freemarker\freemarker\2.3.29\freemarker-2.3.29.jar;C:\Users\Himanshu\.m2\repository\org\apache\httpcomponents\httpclient\4.5.2\httpclient-4.5.2.jar;C:\Users\Himanshu\.m2\repository\org\apache\httpcomponents\httpcore\4.4.4\httpcore-4.4.4.jar;C:\Users\Himanshu\.m2\repository\commons-logging\commons-logging\1.2\commons-logging-1.2.jar;C:\Users\Himanshu\.m2\repository\org\apache\httpcomponents\httpmime\4.5.2\httpmime-4.5.2.jar;C:\Users\Himanshu\.m2\repository\com\google\code\gson\gson\2.8.6\gson-2.8.6.jar;C:\Users\Himanshu\.m2\repository\org\mongodb\mongodb-driver\3.12.0\mongodb-driver-3.12.0.jar;C:\Users\Himanshu\.m2\repository\org\mongodb\mongodb-driver-core\3.12.0\mongodb-driver-core-3.12.0.jar;C:\Users\Himanshu\.m2\repository\org\mongodb\bson\3.12.0\bson-3.12.0.jar;C:\Users\Himanshu\.m2\repository\commons-io\commons-io\2.4\commons-io-2.4.jar;"/>
    <property name="java.vm.vendor" value="Oracle Corporation"/>
    <property name="sun.arch.data.model" value="64"/>
    <property name="user.variant" value=""/>
    <property name="java.vendor.url" value="http://java.oracle.com/"/>
    <property name="user.timezone" value="Asia/Calcutta"/>
    <property name="java.vm.specification.version" value="1.8"/>
    <property name="os.name" value="Windows 10"/>
    <property name="user.country" value="IN"/>
    <property name="sun.java.launcher" value="SUN_STANDARD"/>
    <property name="sun.boot.library.path" value="C:\Program Files\Java\jdk1.8.0_281\jre\bin"/>
    <property name="sun.java.command" value="C:\Users\Himanshu\AppData\Local\Temp\surefire8330213331135242486\surefirebooter4724655366195122989.jar C:\Users\Himanshu\AppData\Local\Temp\surefire8330213331135242486 2021-07-03T15-53-37_516-jvmRun1 surefire1868596045226657986tmp surefire_06239434103562267800tmp"/>
    <property name="surefire.test.class.path" value="D:\MyFolder\Java\GIT_Himanshu\OrientExchange_E2E\target\test-classes;D:\MyFolder\Java\GIT_Himanshu\OrientExchange_E2E\target\classes;C:\Users\Himanshu\.m2\repository\junit\junit\4.11\junit-4.11.jar;C:\Users\Himanshu\.m2\repository\org\hamcrest\hamcrest-core\1.3\hamcrest-core-1.3.jar;C:\Users\Himanshu\.m2\repository\org\apache\logging\log4j\log4j-api\2.14.1\log4j-api-2.14.1.jar;C:\Users\Himanshu\.m2\repository\org\apache\logging\log4j\log4j-core\2.14.1\log4j-core-2.14.1.jar;C:\Users\Himanshu\.m2\repository\org\seleniumhq\selenium\selenium-java\3.141.59\selenium-java-3.141.59.jar;C:\Users\Himanshu\.m2\repository\org\seleniumhq\selenium\selenium-api\3.141.59\selenium-api-3.141.59.jar;C:\Users\Himanshu\.m2\repository\org\seleniumhq\selenium\selenium-chrome-driver\3.141.59\selenium-chrome-driver-3.141.59.jar;C:\Users\Himanshu\.m2\repository\org\seleniumhq\selenium\selenium-edge-driver\3.141.59\selenium-edge-driver-3.141.59.jar;C:\Users\Himanshu\.m2\repository\org\seleniumhq\selenium\selenium-firefox-driver\3.141.59\selenium-firefox-driver-3.141.59.jar;C:\Users\Himanshu\.m2\repository\org\seleniumhq\selenium\selenium-ie-driver\3.141.59\selenium-ie-driver-3.141.59.jar;C:\Users\Himanshu\.m2\repository\org\seleniumhq\selenium\selenium-opera-driver\3.141.59\selenium-opera-driver-3.141.59.jar;C:\Users\Himanshu\.m2\repository\org\seleniumhq\selenium\selenium-remote-driver\3.141.59\selenium-remote-driver-3.141.59.jar;C:\Users\Himanshu\.m2\repository\org\seleniumhq\selenium\selenium-safari-driver\3.141.59\selenium-safari-driver-3.141.59.jar;C:\Users\Himanshu\.m2\repository\org\seleniumhq\selenium\selenium-support\3.141.59\selenium-support-3.141.59.jar;C:\Users\Himanshu\.m2\repository\net\bytebuddy\byte-buddy\1.8.15\byte-buddy-1.8.15.jar;C:\Users\Himanshu\.m2\repository\org\apache\commons\commons-exec\1.3\commons-exec-1.3.jar;C:\Users\Himanshu\.m2\repository\com\google\guava\guava\25.0-jre\guava-25.0-jre.jar;C:\Users\Himanshu\.m2\repository\com\google\code\findbugs\jsr305\1.3.9\jsr305-1.3.9.jar;C:\Users\Himanshu\.m2\repository\org\checkerframework\checker-compat-qual\2.0.0\checker-compat-qual-2.0.0.jar;C:\Users\Himanshu\.m2\repository\com\google\errorprone\error_prone_annotations\2.1.3\error_prone_annotations-2.1.3.jar;C:\Users\Himanshu\.m2\repository\com\google\j2objc\j2objc-annotations\1.1\j2objc-annotations-1.1.jar;C:\Users\Himanshu\.m2\repository\org\codehaus\mojo\animal-sniffer-annotations\1.14\animal-sniffer-annotations-1.14.jar;C:\Users\Himanshu\.m2\repository\com\squareup\okhttp3\okhttp\3.11.0\okhttp-3.11.0.jar;C:\Users\Himanshu\.m2\repository\com\squareup\okio\okio\1.14.0\okio-1.14.0.jar;C:\Users\Himanshu\.m2\repository\org\testng\testng\6.9.8\testng-6.9.8.jar;C:\Users\Himanshu\.m2\repository\org\beanshell\bsh\2.0b4\bsh-2.0b4.jar;C:\Users\Himanshu\.m2\repository\com\beust\jcommander\1.48\jcommander-1.48.jar;C:\Users\Himanshu\.m2\repository\org\apache\poi\poi-ooxml\3.17\poi-ooxml-3.17.jar;C:\Users\Himanshu\.m2\repository\org\apache\poi\poi-ooxml-schemas\3.17\poi-ooxml-schemas-3.17.jar;C:\Users\Himanshu\.m2\repository\org\apache\xmlbeans\xmlbeans\2.6.0\xmlbeans-2.6.0.jar;C:\Users\Himanshu\.m2\repository\stax\stax-api\1.0.1\stax-api-1.0.1.jar;C:\Users\Himanshu\.m2\repository\com\github\virtuald\curvesapi\1.04\curvesapi-1.04.jar;C:\Users\Himanshu\.m2\repository\org\apache\poi\poi\3.17\poi-3.17.jar;C:\Users\Himanshu\.m2\repository\commons-codec\commons-codec\1.10\commons-codec-1.10.jar;C:\Users\Himanshu\.m2\repository\org\apache\commons\commons-collections4\4.1\commons-collections4-4.1.jar;C:\Users\Himanshu\.m2\repository\com\aventstack\extentreports\4.1.3\extentreports-4.1.3.jar;C:\Users\Himanshu\.m2\repository\org\freemarker\freemarker\2.3.29\freemarker-2.3.29.jar;C:\Users\Himanshu\.m2\repository\org\apache\httpcomponents\httpclient\4.5.2\httpclient-4.5.2.jar;C:\Users\Himanshu\.m2\repository\org\apache\httpcomponents\httpcore\4.4.4\httpcore-4.4.4.jar;C:\Users\Himanshu\.m2\repository\commons-logging\commons-logging\1.2\commons-logging-1.2.jar;C:\Users\Himanshu\.m2\repository\org\apache\httpcomponents\httpmime\4.5.2\httpmime-4.5.2.jar;C:\Users\Himanshu\.m2\repository\com\google\code\gson\gson\2.8.6\gson-2.8.6.jar;C:\Users\Himanshu\.m2\repository\org\mongodb\mongodb-driver\3.12.0\mongodb-driver-3.12.0.jar;C:\Users\Himanshu\.m2\repository\org\mongodb\mongodb-driver-core\3.12.0\mongodb-driver-core-3.12.0.jar;C:\Users\Himanshu\.m2\repository\org\mongodb\bson\3.12.0\bson-3.12.0.jar;C:\Users\Himanshu\.m2\repository\commons-io\commons-io\2.4\commons-io-2.4.jar;"/>
    <property name="sun.cpu.endian" value="little"/>
    <property name="user.home" value="C:\Users\Himanshu"/>
    <property name="user.language" value="en"/>
    <property name="java.specification.vendor" value="Oracle Corporation"/>
    <property name="java.home" value="C:\Program Files\Java\jdk1.8.0_281\jre"/>
    <property name="basedir" value="D:\MyFolder\Java\GIT_Himanshu\OrientExchange_E2E"/>
    <property name="file.separator" value="\"/>
    <property name="line.separator" value="&#10;"/>
    <property name="java.vm.specification.vendor" value="Oracle Corporation"/>
    <property name="java.specification.name" value="Java Platform API Specification"/>
    <property name="java.awt.graphicsenv" value="sun.awt.Win32GraphicsEnvironment"/>
    <property name="surefire.real.class.path" value="C:\Users\Himanshu\AppData\Local\Temp\surefire8330213331135242486\surefirebooter4724655366195122989.jar"/>
    <property name="browse" value="firefox"/>
    <property name="sun.boot.class.path" value="C:\Program Files\Java\jdk1.8.0_281\jre\lib\resources.jar;C:\Program Files\Java\jdk1.8.0_281\jre\lib\rt.jar;C:\Program Files\Java\jdk1.8.0_281\jre\lib\sunrsasign.jar;C:\Program Files\Java\jdk1.8.0_281\jre\lib\jsse.jar;C:\Program Files\Java\jdk1.8.0_281\jre\lib\jce.jar;C:\Program Files\Java\jdk1.8.0_281\jre\lib\charsets.jar;C:\Program Files\Java\jdk1.8.0_281\jre\lib\jfr.jar;C:\Program Files\Java\jdk1.8.0_281\jre\classes"/>
    <property name="user.script" value=""/>
    <property name="sun.management.compiler" value="HotSpot 64-Bit Tiered Compilers"/>
    <property name="java.runtime.version" value="1.8.0_281-b09"/>
    <property name="user.name" value="Himanshu"/>
    <property name="path.separator" value=";"/>
    <property name="os.version" value="10.0"/>
    <property name="java.endorsed.dirs" value="C:\Program Files\Java\jdk1.8.0_281\jre\lib\endorsed"/>
    <property name="java.runtime.name" value="Java(TM) SE Runtime Environment"/>
    <property name="file.encoding" value="Cp1252"/>
    <property name="java.vm.name" value="Java HotSpot(TM) 64-Bit Server VM"/>
    <property name="localRepository" value="C:\Users\Himanshu\.m2\repository"/>
    <property name="java.vendor.url.bug" value="http://bugreport.sun.com/bugreport/"/>
    <property name="java.io.tmpdir" value="C:\Users\Himanshu\AppData\Local\Temp\"/>
    <property name="java.version" value="1.8.0_281"/>
    <property name="user.dir" value="D:\MyFolder\Java\GIT_Himanshu\OrientExchange_E2E"/>
    <property name="os.arch" value="amd64"/>
    <property name="webdriver.gecko.driver" value="D:\MyFolder\Java\GIT_Himanshu\OrientExchange_E2E\src\main\java\resources\geckodriver.exe"/>
    <property name="java.vm.specification.name" value="Java Virtual Machine Specification"/>
    <property name="java.awt.printerjob" value="sun.awt.windows.WPrinterJob"/>
    <property name="sun.os.patch.level" value=""/>
    <property name="java.library.path" value="C:\Program Files\Java\jdk1.8.0_281\jre\bin;C:\WINDOWS\Sun\Java\bin;C:\WINDOWS\system32;C:\WINDOWS;C:\Program Files (x86)\Common Files\Oracle\Java\javapath;C:\WINDOWS\system32;C:\WINDOWS;C:\WINDOWS\System32\Wbem;C:\WINDOWS\System32\WindowsPowerShell\v1.0\;C:\WINDOWS\System32\OpenSSH\;C:\Program Files\apache-maven-3.8.1-bin\apache-maven-3.8.1\bin;C:\Program Files\Git\cmd;C:\Users\Himanshu\AppData\Local\Microsoft\WindowsApps;;."/>
    <property name="java.vm.info" value="mixed mode"/>
    <property name="java.vendor" value="Oracle Corporation"/>
    <property name="java.vm.version" value="25.281-b09"/>
    <property name="java.ext.dirs" value="C:\Program Files\Java\jdk1.8.0_281\jre\lib\ext;C:\WINDOWS\Sun\Java\lib\ext"/>
    <property name="sun.io.unicode.encoding" value="UnicodeLittle"/>
    <property name="java.class.version" value="52.0"/>
  </properties>
  <testcase name="sell_currency[it@orientexchange.in, orient@123](1)" classname="orientexchange.TC_Sell_Currency" time="18.95">
    <system-err><![CDATA[1625307823898	geckodriver	INFO	Listening on 127.0.0.1:8392
1625307824502	mozrunner::runner	INFO	Running command: "C:\\Program Files\\Mozilla Firefox\\firefox.exe" "--marionette" "-foreground" "-no-remote" "-profile" "C:\\Users\\Himanshu\\AppData\\Local\\Temp\\rust_mozprofileiKJ1vk"
1625307827677	Marionette	INFO	Marionette enabled
console.warn: SearchSettings: "get: No settings file exists, new profile?" (new NotFoundError("Could not open the file at C:\\Users\\Himanshu\\AppData\\Local\\Temp\\rust_mozprofileiKJ1vk\\search.json.mozlz4", (void 0)))
[Parent 15116, IPC I/O Parent] WARNING: file /builds/worker/checkouts/gecko/ipc/chromium/src/base/process_util_win.cc:167
console.error: Region.jsm: "Error fetching region" (new AbortError("The operation was aborted. ", (void 0), 770))
console.error: Region.jsm: "Failed to fetch region" (new Error("NO_RESULT", "resource://gre/modules/Region.jsm", 419))
1625307847394	Marionette	INFO	Listening on port 60765
1625307848119	Marionette	WARN	TLS certificate errors will be ignored for this session
Jul 03, 2021 3:54:08 PM org.openqa.selenium.remote.ProtocolHandshake createSession
INFO: Detected dialect: W3C
JavaScript error: https://www.orientexchange.in/, line 1640: SyntaxError: unexpected token: string literal
JavaScript error: https://www.orientexchange.in/login, line 145: ReferenceError: FB is not defined
JavaScript error: https://www.orientexchange.in/login, line 1142: SyntaxError: unexpected token: string literal
JavaScript error: https://www.orientexchange.in/, line 1628: SyntaxError: unexpected token: string literal
JavaScript error: https://www.orientexchange.in/place-buy, line 1197: SyntaxError: unexpected token: string literal
]]></system-err>
  </testcase>
  <testcase name="login_page[it@orientexchange.in, orient@123](1)" classname="orientexchange.TC_LoginPage" time="20.885">
    <failure message="Unable to locate element: //div[@class=&apos;alert alert-danger&apos;]//text()//parent::div&#10;For documentation on this error, please visit: https://www.seleniumhq.org/exceptions/no_such_element.html&#10;Build info: version: &apos;3.141.59&apos;, revision: &apos;e82be7d358&apos;, time: &apos;2018-11-14T08:17:03&apos;&#10;System info: host: &apos;DESKTOP-LRTIQQF&apos;, ip: &apos;192.168.225.74&apos;, os.name: &apos;Windows 10&apos;, os.arch: &apos;amd64&apos;, os.version: &apos;10.0&apos;, java.version: &apos;1.8.0_281&apos;&#10;Driver info: org.openqa.selenium.firefox.FirefoxDriver&#10;Capabilities {acceptInsecureCerts: true, browserName: firefox, browserVersion: 89.0.2, javascriptEnabled: true, moz:accessibilityChecks: false, moz:buildID: 20210622155641, moz:geckodriverVersion: 0.29.0, moz:headless: false, moz:processID: 12372, moz:profile: C:\Users\Himanshu\AppData\L..., moz:shutdownTimeout: 60000, moz:useNonSpecCompliantPointerOrigin: false, moz:webdriverClick: true, pageLoadStrategy: normal, platform: WINDOWS, platformName: WINDOWS, platformVersion: 10.0, setWindowRect: true, strictFileInteractability: false, timeouts: {implicit: 0, pageLoad: 300000, script: 30000}, unhandledPromptBehavior: dismiss and notify}&#10;Session ID: 2961b8df-fbb9-4253-aa6b-760403e00550&#10;*** Element info: {Using=xpath, value=//div[@class=&apos;alert alert-danger&apos;]//text()//parent::div}" type="org.openqa.selenium.NoSuchElementException"><![CDATA[org.openqa.selenium.NoSuchElementException: 
Unable to locate element: //div[@class='alert alert-danger']//text()//parent::div
For documentation on this error, please visit: https://www.seleniumhq.org/exceptions/no_such_element.html
Build info: version: '3.141.59', revision: 'e82be7d358', time: '2018-11-14T08:17:03'
System info: host: 'DESKTOP-LRTIQQF', ip: '192.168.225.74', os.name: 'Windows 10', os.arch: 'amd64', os.version: '10.0', java.version: '1.8.0_281'
Driver info: org.openqa.selenium.firefox.FirefoxDriver
Capabilities {acceptInsecureCerts: true, browserName: firefox, browserVersion: 89.0.2, javascriptEnabled: true, moz:accessibilityChecks: false, moz:buildID: 20210622155641, moz:geckodriverVersion: 0.29.0, moz:headless: false, moz:processID: 12372, moz:profile: C:\Users\Himanshu\AppData\L..., moz:shutdownTimeout: 60000, moz:useNonSpecCompliantPointerOrigin: false, moz:webdriverClick: true, pageLoadStrategy: normal, platform: WINDOWS, platformName: WINDOWS, platformVersion: 10.0, setWindowRect: true, strictFileInteractability: false, timeouts: {implicit: 0, pageLoad: 300000, script: 30000}, unhandledPromptBehavior: dismiss and notify}
Session ID: 2961b8df-fbb9-4253-aa6b-760403e00550
*** Element info: {Using=xpath, value=//div[@class='alert alert-danger']//text()//parent::div}
	at orientexchange.TC_LoginPage.login_page(TC_LoginPage.java:61)
]]></failure>
    <system-out><![CDATA[row_count 3
cell_count 2
]]></system-out>
    <system-err><![CDATA[JavaScript error: https://www.orientexchange.in/place-buy, line 1413: TypeError: document.getElementById(...) is null
1625307878607	Marionette	INFO	Stopped listening on port 60765
JavaScript error: chrome://global/content/elements/browser-custom-element.js, line 1716: NotFoundError: No such JSWindowActor 'MarionetteEvents'
JavaScript error: chrome://global/content/elements/browser-custom-element.js, line 1716: NotFoundError: No such JSWindowActor 'MarionetteEvents'
JavaScript error: chrome://global/content/elements/browser-custom-element.js, line 1716: NotFoundError: No such JSWindowActor 'MarionetteEvents'

###!!! [Child][RunMessage] Error: Channel closing: too late to send/recv, messages will be lost

1625307883224	geckodriver	INFO	Listening on 127.0.0.1:18330
1625307883678	mozrunner::runner	INFO	Running command: "C:\\Program Files\\Mozilla Firefox\\firefox.exe" "--marionette" "-foreground" "-no-remote" "-profile" "C:\\Users\\Himanshu\\AppData\\Local\\Temp\\rust_mozprofileXzceOz"
1625307884721	Marionette	INFO	Marionette enabled
console.warn: SearchSettings: "get: No settings file exists, new profile?" (new NotFoundError("Could not open the file at C:\\Users\\Himanshu\\AppData\\Local\\Temp\\rust_mozprofileXzceOz\\search.json.mozlz4", (void 0)))
1625307891341	Marionette	INFO	Listening on port 60886
1625307892509	Marionette	WARN	TLS certificate errors will be ignored for this session
Jul 03, 2021 3:54:52 PM org.openqa.selenium.remote.ProtocolHandshake createSession
INFO: Detected dialect: W3C
JavaScript error: https://www.orientexchange.in/, line 1640: SyntaxError: unexpected token: string literal
JavaScript error: https://www.orientexchange.in/login, line 145: ReferenceError: FB is not defined
JavaScript error: https://www.orientexchange.in/login, line 1142: SyntaxError: unexpected token: string literal
JavaScript error: https://www.orientexchange.in/, line 1628: SyntaxError: unexpected token: string literal
]]></system-err>
  </testcase>
  <testcase name="login_page[i@orientexchange.in, orient@123](2)" classname="orientexchange.TC_LoginPage" time="7.611">
    <failure message="The following asserts failed:&#10;	expected [  Email Id or Password does not exist !] but found [  Email Id or Password does not exist. !]" type="java.lang.AssertionError"><![CDATA[java.lang.AssertionError: 
The following asserts failed:
	expected [  Email Id or Password does not exist !] but found [  Email Id or Password does not exist. !]
	at orientexchange.TC_LoginPage.login_page(TC_LoginPage.java:64)
]]></failure>
    <system-err><![CDATA[1625307919458	Marionette	INFO	Stopped listening on port 60886

###!!! [Child][MessageChannel] Error: (msgtype=0xAB0006,name=PWebSocket::Msg_DeleteSelf) Channel closing: too late to send/recv, messages will be lost


###!!! [Child][MessageChannel] Error: (msgtype=0xAB0006,name=PWebSocket::Msg_DeleteSelf) Channel closing: too late to send/recv, messages will be lost


###!!! [Child][MessageChannel] Error: (msgtype=0xAB0006,name=PWebSocket::Msg_DeleteSelf) Channel closing: too late to send/recv, messages will be lost


###!!! [Child][MessageChannel] Error: (msgtype=0x390141,name=PContent::Msg_ScriptError) Channel closing: too late to send/recv, messages will be lost


###!!! [Child][MessageChannel] Error: (msgtype=0xAB0006,name=PWebSocket::Msg_DeleteSelf) Channel closing: too late to send/recv, messages will be lost

1625307921674	geckodriver	INFO	Listening on 127.0.0.1:27640
1625307922070	mozrunner::runner	INFO	Running command: "C:\\Program Files\\Mozilla Firefox\\firefox.exe" "--marionette" "-foreground" "-no-remote" "-profile" "C:\\Users\\Himanshu\\AppData\\Local\\Temp\\rust_mozprofile2j90Hm"
1625307923269	Marionette	INFO	Marionette enabled
console.warn: SearchSettings: "get: No settings file exists, new profile?" (new NotFoundError("Could not open the file at C:\\Users\\Himanshu\\AppData\\Local\\Temp\\rust_mozprofile2j90Hm\\search.json.mozlz4", (void 0)))
1625307929263	Marionette	INFO	Listening on port 60987
1625307930321	Marionette	WARN	TLS certificate errors will be ignored for this session
Jul 03, 2021 3:55:30 PM org.openqa.selenium.remote.ProtocolHandshake createSession
INFO: Detected dialect: W3C
JavaScript error: https://www.orientexchange.in/, line 1640: SyntaxError: unexpected token: string literal
JavaScript error: https://www.orientexchange.in/login, line 145: ReferenceError: FB is not defined
JavaScript error: https://www.orientexchange.in/login, line 1142: SyntaxError: unexpected token: string literal
]]></system-err>
  </testcase>
  <testcase name="login_page[it@orientexchange.in, orient@13](3)" classname="orientexchange.TC_LoginPage" time="7.378">
    <failure message="The following asserts failed:&#10;	expected [  Email Id or Password does not exist !] but found [  Email Id or Password does not exist. !]" type="java.lang.AssertionError"><![CDATA[java.lang.AssertionError: 
The following asserts failed:
	expected [  Email Id or Password does not exist !] but found [  Email Id or Password does not exist. !]
	at orientexchange.TC_LoginPage.login_page(TC_LoginPage.java:64)
]]></failure>
    <system-err><![CDATA[1625307945128	Marionette	INFO	Stopped listening on port 60987

###!!! [Child][RunMessage] Error: Channel closing: too late to send/recv, messages will be lost


###!!! [Child][RunMessage] Error: Channel closing: too late to send/recv, messages will be lost


###!!! [Child][MessageChannel] Error: (msgtype=0x230030,name=PBrowser::Msg___delete__) Channel closing: too late to send/recv, messages will be lost


###!!! [Child][MessageChannel] Error: (msgtype=0x390141,name=PContent::Msg_ScriptError) Channel closing: too late to send/recv, messages will be lost


###!!! [Child][MessageChannel] Error: (msgtype=0xAB0006,name=PWebSocket::Msg_DeleteSelf) Channel closing: too late to send/recv, messages will be lost


###!!! [Child][MessageChannel] Error: (msgtype=0x390141,name=PContent::Msg_ScriptError) Channel closing: too late to send/recv, messages will be lost


###!!! [Child][MessageChannel] Error: (msgtype=0xAB0006,name=PWebSocket::Msg_DeleteSelf) Channel closing: too late to send/recv, messages will be lost


###!!! [Child][MessageChannel] Error: (msgtype=0x390141,name=PContent::Msg_ScriptError) Channel closing: too late to send/recv, messages will be lost


###!!! [Child][MessageChannel] Error: (msgtype=0xAB0006,name=PWebSocket::Msg_DeleteSelf) Channel closing: too late to send/recv, messages will be lost


###!!! [Child][MessageChannel] Error: (msgtype=0x390141,name=PContent::Msg_ScriptError) Channel closing: too late to send/recv, messages will be lost


###!!! [Child][MessageChannel] Error: (msgtype=0xAB0006,name=PWebSocket::Msg_DeleteSelf) Channel closing: too late to send/recv, messages will be lost


###!!! [Child][MessageChannel] Error: (msgtype=0x390141,name=PContent::Msg_ScriptError) Channel closing: too late to send/recv, messages will be lost


###!!! [Child][MessageChannel] Error: (msgtype=0xAB0006,name=PWebSocket::Msg_DeleteSelf) Channel closing: too late to send/recv, messages will be lost


###!!! [Child][MessageChannel] Error: (msgtype=0x390141,name=PContent::Msg_ScriptError) Channel closing: too late to send/recv, messages will be lost


###!!! [Child][MessageChannel] Error: (msgtype=0xAB0006,name=PWebSocket::Msg_DeleteSelf) Channel closing: too late to send/recv, messages will be lost

1625307947524	geckodriver	INFO	Listening on 127.0.0.1:42355
1625307947943	mozrunner::runner	INFO	Running command: "C:\\Program Files\\Mozilla Firefox\\firefox.exe" "--marionette" "-foreground" "-no-remote" "-profile" "C:\\Users\\Himanshu\\AppData\\Local\\Temp\\rust_mozprofilezoVN0s"
1625307948562	Marionette	INFO	Marionette enabled
console.warn: SearchSettings: "get: No settings file exists, new profile?" (new NotFoundError("Could not open the file at C:\\Users\\Himanshu\\AppData\\Local\\Temp\\rust_mozprofilezoVN0s\\search.json.mozlz4", (void 0)))
1625307953517	Marionette	INFO	Listening on port 61089
1625307954548	Marionette	WARN	TLS certificate errors will be ignored for this session
Jul 03, 2021 3:55:54 PM org.openqa.selenium.remote.ProtocolHandshake createSession
INFO: Detected dialect: W3C
JavaScript error: https://www.orientexchange.in/, line 1640: SyntaxError: unexpected token: string literal
JavaScript error: https://www.orientexchange.in/login, line 145: ReferenceError: FB is not defined
JavaScript error: https://www.orientexchange.in/login, line 1142: SyntaxError: unexpected token: string literal
]]></system-err>
  </testcase>
  <testcase name="login_page[i@orientexchange.in, orient@12](4)" classname="orientexchange.TC_LoginPage" time="8.098">
    <failure message="The following asserts failed:&#10;	expected [  Email Id or Password does not exist !] but found [  Email Id or Password does not exist. !]" type="java.lang.AssertionError"><![CDATA[java.lang.AssertionError: 
The following asserts failed:
	expected [  Email Id or Password does not exist !] but found [  Email Id or Password does not exist. !]
	at orientexchange.TC_LoginPage.login_page(TC_LoginPage.java:64)
]]></failure>
    <system-err><![CDATA[1625307968386	Marionette	INFO	Stopped listening on port 61089

###!!! [Child][MessageChannel] Error: (msgtype=0xAB0006,name=PWebSocket::Msg_DeleteSelf) Channel closing: too late to send/recv, messages will be lost


###!!! [Child][MessageChannel] Error: (msgtype=0xAB0006,name=PWebSocket::Msg_DeleteSelf) Channel closing: too late to send/recv, messages will be lost


###!!! [Child][MessageChannel] Error: (msgtype=0xAB0006,name=PWebSocket::Msg_DeleteSelf) Channel closing: too late to send/recv, messages will be lost


###!!! [Child][MessageChannel] Error: (msgtype=0xAB0006,name=PWebSocket::Msg_DeleteSelf) Channel closing: too late to send/recv, messages will be lost


###!!! [Child][MessageChannel] Error: (msgtype=0xAB0006,name=PWebSocket::Msg_DeleteSelf) Channel closing: too late to send/recv, messages will be lost


###!!! [Child][MessageChannel] Error: (msgtype=0xAB0006,name=PWebSocket::Msg_DeleteSelf) Channel closing: too late to send/recv, messages will be lost


###!!! [Child][RunMessage] Error: Channel closing: too late to send/recv, messages will be lost

1625307970181	geckodriver	INFO	Listening on 127.0.0.1:38273
1625307970652	mozrunner::runner	INFO	Running command: "C:\\Program Files\\Mozilla Firefox\\firefox.exe" "--marionette" "-foreground" "-no-remote" "-profile" "C:\\Users\\Himanshu\\AppData\\Local\\Temp\\rust_mozprofile1uTxDB"
1625307971466	Marionette	INFO	Marionette enabled
console.warn: SearchSettings: "get: No settings file exists, new profile?" (new NotFoundError("Could not open the file at C:\\Users\\Himanshu\\AppData\\Local\\Temp\\rust_mozprofile1uTxDB\\search.json.mozlz4", (void 0)))
1625307976509	Marionette	INFO	Listening on port 56339
1625307977242	Marionette	WARN	TLS certificate errors will be ignored for this session
Jul 03, 2021 3:56:17 PM org.openqa.selenium.remote.ProtocolHandshake createSession
INFO: Detected dialect: W3C
JavaScript error: https://www.orientexchange.in/, line 1640: SyntaxError: unexpected token: string literal
JavaScript error: https://www.orientexchange.in/login, line 145: ReferenceError: FB is not defined
JavaScript error: https://www.orientexchange.in/login, line 1142: SyntaxError: unexpected token: string literal
]]></system-err>
  </testcase>
  <testcase name="getTitleverify" classname="orientexchange.TC_HomePage" time="0.005">
    <system-out><![CDATA[Orientexchange - Buy & Sell Forex Online | Foreign Currency Exchange
]]></system-out>
    <system-err><![CDATA[1625307994002	Marionette	INFO	Stopped listening on port 56339

###!!! [Child][MessageChannel] Error: (msgtype=0x6A0027,name=PNecko::Msg_RemoveRequestContext) Channel closing: too late to send/recv, messages will be lost


###!!! [Child][RunMessage] Error: Channel closing: too late to send/recv, messages will be lost


###!!! [Child][RunMessage] Error: Channel closing: too late to send/recv, messages will be lost


###!!! [Child][MessageChannel] Error: (msgtype=0x230030,name=PBrowser::Msg___delete__) Channel closing: too late to send/recv, messages will be lost


###!!! [Child][MessageChannel] Error: (msgtype=0xAB0006,name=PWebSocket::Msg_DeleteSelf) Channel closing: too late to send/recv, messages will be lost


###!!! [Child][MessageChannel] Error: (msgtype=0xAB0006,name=PWebSocket::Msg_DeleteSelf) Channel closing: too late to send/recv, messages will be lost


###!!! [Child][MessageChannel] Error: (msgtype=0xAB0006,name=PWebSocket::Msg_DeleteSelf) Channel closing: too late to send/recv, messages will be lost


###!!! [Child][MessageChannel] Error: (msgtype=0x390141,name=PContent::Msg_ScriptError) Channel closing: too late to send/recv, messages will be lost


###!!! [Child][MessageChannel] Error: (msgtype=0xAB0006,name=PWebSocket::Msg_DeleteSelf) Channel closing: too late to send/recv, messages will be lost


###!!! [Child][MessageChannel] Error: (msgtype=0x390141,name=PContent::Msg_ScriptError) Channel closing: too late to send/recv, messages will be lost


###!!! [Child][MessageChannel] Error: (msgtype=0xAB0006,name=PWebSocket::Msg_DeleteSelf) Channel closing: too late to send/recv, messages will be lost


###!!! [Child][MessageChannel] Error: (msgtype=0x390141,name=PContent::Msg_ScriptError) Channel closing: too late to send/recv, messages will be lost


###!!! [Child][MessageChannel] Error: (msgtype=0xAB0006,name=PWebSocket::Msg_DeleteSelf) Channel closing: too late to send/recv, messages will be lost

1625307996496	geckodriver	INFO	Listening on 127.0.0.1:22882
1625307996908	mozrunner::runner	INFO	Running command: "C:\\Program Files\\Mozilla Firefox\\firefox.exe" "--marionette" "-foreground" "-no-remote" "-profile" "C:\\Users\\Himanshu\\AppData\\Local\\Temp\\rust_mozprofileiDVFMn"
1625307997575	Marionette	INFO	Marionette enabled
console.warn: SearchSettings: "get: No settings file exists, new profile?" (new NotFoundError("Could not open the file at C:\\Users\\Himanshu\\AppData\\Local\\Temp\\rust_mozprofileiDVFMn\\search.json.mozlz4", (void 0)))
1625308004106	Marionette	INFO	Listening on port 56442
1625308005132	Marionette	WARN	TLS certificate errors will be ignored for this session
Jul 03, 2021 3:56:45 PM org.openqa.selenium.remote.ProtocolHandshake createSession
INFO: Detected dialect: W3C
JavaScript error: https://www.orientexchange.in/, line 1640: SyntaxError: unexpected token: string literal
]]></system-err>
  </testcase>
  <testcase name="home_page" classname="orientexchange.TC_HomePage" time="7.258">
    <system-err><![CDATA[1625308011625	Marionette	INFO	Stopped listening on port 56442
[Child 10224, IPC I/O Child] WARNING: pipe error: 232: file /builds/worker/checkouts/gecko/ipc/chromium/src/chrome/common/ipc_channel_win.cc:544
1625308014034	geckodriver	INFO	Listening on 127.0.0.1:28045
1625308014530	mozrunner::runner	INFO	Running command: "C:\\Program Files\\Mozilla Firefox\\firefox.exe" "--marionette" "-foreground" "-no-remote" "-profile" "C:\\Users\\Himanshu\\AppData\\Local\\Temp\\rust_mozprofilebM5rbq"
1625308015122	Marionette	INFO	Marionette enabled
console.warn: SearchSettings: "get: No settings file exists, new profile?" (new NotFoundError("Could not open the file at C:\\Users\\Himanshu\\AppData\\Local\\Temp\\rust_mozprofilebM5rbq\\search.json.mozlz4", (void 0)))
1625308020763	Marionette	INFO	Listening on port 56519
1625308021637	Marionette	WARN	TLS certificate errors will be ignored for this session
Jul 03, 2021 3:57:01 PM org.openqa.selenium.remote.ProtocolHandshake createSession
INFO: Detected dialect: W3C
JavaScript error: https://www.orientexchange.in/, line 1640: SyntaxError: unexpected token: string literal
1625308028653	Marionette	WARN	Ignoring event 'DOMContentLoaded' because document has an invalid readyState of 'complete'.
JavaScript error: https://www.orientexchange.in/, line 1630: SyntaxError: unexpected token: string literal
JavaScript error: https://maxcdn.bootstrapcdn.com/bootstrap/4.1.1/js/bootstrap.min.js, line 6: TypeError: Bootstrap dropdown require Popper.js (https://popper.js.org)
]]></system-err>
  </testcase>
  <testcase name="Directpay" classname="orientexchange.TC_HomePage" time="4.831">
    <system-err><![CDATA[1625308035681	Marionette	INFO	Stopped listening on port 56519

###!!! [Child][RunMessage] Error: Channel closing: too late to send/recv, messages will be lost

1625308037871	geckodriver	INFO	Listening on 127.0.0.1:40858
1625308038323	mozrunner::runner	INFO	Running command: "C:\\Program Files\\Mozilla Firefox\\firefox.exe" "--marionette" "-foreground" "-no-remote" "-profile" "C:\\Users\\Himanshu\\AppData\\Local\\Temp\\rust_mozprofileZx2qYF"
1625308039142	Marionette	INFO	Marionette enabled
console.warn: SearchSettings: "get: No settings file exists, new profile?" (new NotFoundError("Could not open the file at C:\\Users\\Himanshu\\AppData\\Local\\Temp\\rust_mozprofileZx2qYF\\search.json.mozlz4", (void 0)))
1625308044227	Marionette	INFO	Listening on port 56615
1625308044690	Marionette	WARN	TLS certificate errors will be ignored for this session
Jul 03, 2021 3:57:24 PM org.openqa.selenium.remote.ProtocolHandshake createSession
INFO: Detected dialect: W3C
JavaScript error: https://www.orientexchange.in/, line 1640: SyntaxError: unexpected token: string literal
JavaScript error: https://www.orientexchange.in/direct-payment, line 1043: SyntaxError: unexpected token: string literal
]]></system-err>
  </testcase>
  <testcase name="OurServices" classname="orientexchange.TC_HomePage" time="5.9">
    <failure message="(262, 1148) is out of bounds of viewport width (1366) and height (643)&#10;Build info: version: &apos;3.141.59&apos;, revision: &apos;e82be7d358&apos;, time: &apos;2018-11-14T08:17:03&apos;&#10;System info: host: &apos;DESKTOP-LRTIQQF&apos;, ip: &apos;192.168.225.74&apos;, os.name: &apos;Windows 10&apos;, os.arch: &apos;amd64&apos;, os.version: &apos;10.0&apos;, java.version: &apos;1.8.0_281&apos;&#10;Driver info: org.openqa.selenium.firefox.FirefoxDriver&#10;Capabilities {acceptInsecureCerts: true, browserName: firefox, browserVersion: 89.0.2, javascriptEnabled: true, moz:accessibilityChecks: false, moz:buildID: 20210622155641, moz:geckodriverVersion: 0.29.0, moz:headless: false, moz:processID: 6688, moz:profile: C:\Users\Himanshu\AppData\L..., moz:shutdownTimeout: 60000, moz:useNonSpecCompliantPointerOrigin: false, moz:webdriverClick: true, pageLoadStrategy: normal, platform: WINDOWS, platformName: WINDOWS, platformVersion: 10.0, setWindowRect: true, strictFileInteractability: false, timeouts: {implicit: 0, pageLoad: 300000, script: 30000}, unhandledPromptBehavior: dismiss and notify}&#10;Session ID: ca39635e-d7bd-4c67-92c6-ef5a65b5e5f6" type="org.openqa.selenium.interactions.MoveTargetOutOfBoundsException"><![CDATA[org.openqa.selenium.interactions.MoveTargetOutOfBoundsException: 
(262, 1148) is out of bounds of viewport width (1366) and height (643)
Build info: version: '3.141.59', revision: 'e82be7d358', time: '2018-11-14T08:17:03'
System info: host: 'DESKTOP-LRTIQQF', ip: '192.168.225.74', os.name: 'Windows 10', os.arch: 'amd64', os.version: '10.0', java.version: '1.8.0_281'
Driver info: org.openqa.selenium.firefox.FirefoxDriver
Capabilities {acceptInsecureCerts: true, browserName: firefox, browserVersion: 89.0.2, javascriptEnabled: true, moz:accessibilityChecks: false, moz:buildID: 20210622155641, moz:geckodriverVersion: 0.29.0, moz:headless: false, moz:processID: 6688, moz:profile: C:\Users\Himanshu\AppData\L..., moz:shutdownTimeout: 60000, moz:useNonSpecCompliantPointerOrigin: false, moz:webdriverClick: true, pageLoadStrategy: normal, platform: WINDOWS, platformName: WINDOWS, platformVersion: 10.0, setWindowRect: true, strictFileInteractability: false, timeouts: {implicit: 0, pageLoad: 300000, script: 30000}, unhandledPromptBehavior: dismiss and notify}
Session ID: ca39635e-d7bd-4c67-92c6-ef5a65b5e5f6
	at orientexchange.TC_HomePage.OurServices(TC_HomePage.java:73)
]]></failure>
    <system-err><![CDATA[1625308055691	Marionette	INFO	Stopped listening on port 56615

###!!! [Child][MessageChannel] Error: (msgtype=0xAB0006,name=PWebSocket::Msg_DeleteSelf) Channel closing: too late to send/recv, messages will be lost


###!!! [Child][MessageChannel] Error: (msgtype=0xAB0006,name=PWebSocket::Msg_DeleteSelf) Channel closing: too late to send/recv, messages will be lost

1625308057702	geckodriver	INFO	Listening on 127.0.0.1:6146
1625308058177	mozrunner::runner	INFO	Running command: "C:\\Program Files\\Mozilla Firefox\\firefox.exe" "--marionette" "-foreground" "-no-remote" "-profile" "C:\\Users\\Himanshu\\AppData\\Local\\Temp\\rust_mozprofile0fZaXt"
1625308059096	Marionette	INFO	Marionette enabled
console.warn: SearchSettings: "get: No settings file exists, new profile?" (new NotFoundError("Could not open the file at C:\\Users\\Himanshu\\AppData\\Local\\Temp\\rust_mozprofile0fZaXt\\search.json.mozlz4", (void 0)))
1625308065250	Marionette	INFO	Listening on port 56698
1625308066410	Marionette	WARN	TLS certificate errors will be ignored for this session
Jul 03, 2021 3:57:46 PM org.openqa.selenium.remote.ProtocolHandshake createSession
INFO: Detected dialect: W3C
JavaScript error: https://www.orientexchange.in/, line 1640: SyntaxError: unexpected token: string literal
JavaScript error: https://www.orientexchange.in/, line 1630: SyntaxError: unexpected token: string literal
]]></system-err>
  </testcase>
  <testcase name="ValidateOffers" classname="orientexchange.TC_HomePage" time="4.605">
    <system-err><![CDATA[1625308077851	Marionette	INFO	Stopped listening on port 56698

###!!! [Child][RunMessage] Error: Channel closing: too late to send/recv, messages will be lost


###!!! [Child][RunMessage] Error: Channel closing: too late to send/recv, messages will be lost


###!!! [Child][MessageChannel] Error: (msgtype=0x230030,name=PBrowser::Msg___delete__) Channel closing: too late to send/recv, messages will be lost


###!!! [Child][MessageChannel] Error: (msgtype=0xAB0006,name=PWebSocket::Msg_DeleteSelf) Channel closing: too late to send/recv, messages will be lost


###!!! [Child][MessageChannel] Error: (msgtype=0xAB0006,name=PWebSocket::Msg_DeleteSelf) Channel closing: too late to send/recv, messages will be lost


###!!! [Child][MessageChannel] Error: (msgtype=0xAB0006,name=PWebSocket::Msg_DeleteSelf) Channel closing: too late to send/recv, messages will be lost

1625308082061	geckodriver	INFO	Listening on 127.0.0.1:28785
1625308082536	mozrunner::runner	INFO	Running command: "C:\\Program Files\\Mozilla Firefox\\firefox.exe" "--marionette" "-foreground" "-no-remote" "-profile" "C:\\Users\\Himanshu\\AppData\\Local\\Temp\\rust_mozprofileQz1aVk"
1625308083302	Marionette	INFO	Marionette enabled
console.warn: SearchSettings: "get: No settings file exists, new profile?" (new NotFoundError("Could not open the file at C:\\Users\\Himanshu\\AppData\\Local\\Temp\\rust_mozprofileQz1aVk\\search.json.mozlz4", (void 0)))
1625308089034	Marionette	INFO	Listening on port 56794
1625308089780	Marionette	WARN	TLS certificate errors will be ignored for this session
Jul 03, 2021 3:58:09 PM org.openqa.selenium.remote.ProtocolHandshake createSession
INFO: Detected dialect: W3C
JavaScript error: https://www.orientexchange.in/, line 1640: SyntaxError: unexpected token: string literal
1625308098241	Marionette	WARN	Ignoring event 'DOMContentLoaded' because document has an invalid readyState of 'complete'.
JavaScript error: https://maxcdn.bootstrapcdn.com/bootstrap/3.4.0/js/bootstrap.min.js, line 6: Error: Bootstrap's JavaScript requires jQuery
JavaScript error: https://www.orientexchange.in/offers, line 1338: SyntaxError: unexpected token: string literal
JavaScript error: https://www.orientexchange.in/offers, line 1582: TypeError: $(...).validator is not a function
]]></system-err>
  </testcase>
  <testcase name="validateTellno" classname="orientexchange.TC_HomePage" time="8.285">
    <failure message="expected [8884445321] but found [080-46003700/ 3737800]" type="java.lang.AssertionError"><![CDATA[java.lang.AssertionError: expected [8884445321] but found [080-46003700/ 3737800]
	at orientexchange.TC_HomePage.validateTellno(TC_HomePage.java:91)
]]></failure>
    <system-err><![CDATA[1625308100347	Marionette	INFO	Stopped listening on port 56794
1625308102891	geckodriver	INFO	Listening on 127.0.0.1:15287
1625308103389	mozrunner::runner	INFO	Running command: "C:\\Program Files\\Mozilla Firefox\\firefox.exe" "--marionette" "-foreground" "-no-remote" "-profile" "C:\\Users\\Himanshu\\AppData\\Local\\Temp\\rust_mozprofilenuq1Wc"
1625308104357	Marionette	INFO	Marionette enabled
console.warn: SearchSettings: "get: No settings file exists, new profile?" (new NotFoundError("Could not open the file at C:\\Users\\Himanshu\\AppData\\Local\\Temp\\rust_mozprofilenuq1Wc\\search.json.mozlz4", (void 0)))
1625308109962	Marionette	INFO	Listening on port 55059
1625308111420	Marionette	WARN	TLS certificate errors will be ignored for this session
Jul 03, 2021 3:58:31 PM org.openqa.selenium.remote.ProtocolHandshake createSession
INFO: Detected dialect: W3C
JavaScript error: https://www.orientexchange.in/, line 1640: SyntaxError: unexpected token: string literal
]]></system-err>
  </testcase>
</testsuite>