<?xml version="1.0" encoding="UTF-8"?>
<!-- Generated by org.testng.reporters.JUnitReportReporter -->
<testsuite hostname="HIMANSHU" name="orientexchange.mainTest" tests="1" failures="0" timestamp="24 May 2021 03:56:32 GMT" time="1.200" errors="0">
  <testcase name="test" time="1.200" classname="orientexchange.mainTest"/>
</testsuite> <!-- orientexchange.mainTest -->
