<?xml version="1.0" encoding="UTF-8"?>
<!-- Generated by org.testng.reporters.JUnitReportReporter -->
<testsuite skipped="0" hostname="HIMANSHU" name="orientexchange.TC_Seel_Currency_Product_Details" tests="2" failures="0" timestamp="2021-06-25T11:36:03 IST" time="64.426" errors="0">
  <testcase name="validateDoorPickup" time="34.045" classname="orientexchange.TC_Seel_Currency_Product_Details"/>
  <system-out/>
  <testcase name="validatePickupBranch" time="30.381" classname="orientexchange.TC_Seel_Currency_Product_Details"/>
  <system-out/>
</testsuite> <!-- orientexchange.TC_Seel_Currency_Product_Details -->
