<?xml version="1.0" encoding="UTF-8"?>
<!-- Generated by org.testng.reporters.JUnitReportReporter -->
<testsuite skipped="0" hostname="HIMANSHU" name="orientexchange.TC_HomePage_Services_Forms" tests="6" failures="0" timestamp="2021-06-27T01:07:35 IST" time="82.397" errors="0">
  <testcase name="validateSendmoneyAbroad" time="14.640" classname="orientexchange.TC_HomePage_Services_Forms"/>
  <system-out/>
  <testcase name="validateloadforexcrd" time="13.408" classname="orientexchange.TC_HomePage_Services_Forms"/>
  <system-out/>
  <testcase name="validateInsurance" time="13.467" classname="orientexchange.TC_HomePage_Services_Forms"/>
  <system-out/>
  <testcase name="validateBuycurrencyCard" time="12.356" classname="orientexchange.TC_HomePage_Services_Forms"/>
  <system-out/>
  <testcase name="validateSellcurrency" time="14.198" classname="orientexchange.TC_HomePage_Services_Forms"/>
  <system-out/>
  <testcase name="validateFCDD" time="14.328" classname="orientexchange.TC_HomePage_Services_Forms"/>
  <system-out/>
</testsuite> <!-- orientexchange.TC_HomePage_Services_Forms -->
