<?xml version="1.0" encoding="UTF-8"?>
<!-- Generated by org.testng.reporters.JUnitReportReporter -->
<testsuite hostname="DESKTOP-LRTIQQF" failures="0" tests="1" name="orientexchange.TC_Sell_Currency" time="27.427" errors="0" timestamp="2021-07-03T15:44:06 IST" skipped="0">
  <testcase classname="orientexchange.TC_Sell_Currency" name="sell_currency" time="27.427"/>
  <system-out/>
</testsuite> <!-- orientexchange.TC_Sell_Currency -->
