<?xml version="1.0" encoding="UTF-8"?>
<!-- Generated by org.testng.reporters.JUnitReportReporter -->
<testsuite hostname="HIMANSHU" name="orientexchange.TC_LoginPage2_Excel_Data$mainTest" tests="1" failures="0" timestamp="24 May 2021 04:15:23 GMT" time="1.236" errors="0">
  <testcase name="test" time="1.236" classname="orientexchange.TC_LoginPage2_Excel_Data$mainTest"/>
</testsuite> <!-- orientexchange.TC_LoginPage2_Excel_Data$mainTest -->
