<?xml version="1.0" encoding="UTF-8"?>
<!-- Generated by org.testng.reporters.JUnitReportReporter -->
<testsuite hostname="DESKTOP-LRTIQQF" failures="0" tests="1" name="orientexchange.TC_Sell_Currency" time="39.041" errors="0" timestamp="2021-07-01T13:14:53 IST" skipped="0">
  <testcase classname="orientexchange.TC_Sell_Currency" name="sell_currency" time="39.041"/>
  <system-out/>
</testsuite> <!-- orientexchange.TC_Sell_Currency -->
