<?xml version="1.0" encoding="UTF-8"?>
<!-- Generated by org.testng.reporters.JUnitReportReporter -->
<testsuite skipped="0" hostname="HIMANSHU" name="orientexchange.TC_ForgotPassword" tests="5" failures="0" timestamp="2021-06-27T01:07:35 IST" time="135.049" errors="0">
  <testcase name="forgot_password" time="25.061" classname="orientexchange.TC_ForgotPassword"/>
  <system-out/>
  <testcase name="forgot_password" time="33.895" classname="orientexchange.TC_ForgotPassword"/>
  <system-out/>
  <testcase name="forgot_password" time="25.411" classname="orientexchange.TC_ForgotPassword"/>
  <system-out/>
  <testcase name="forgot_password" time="25.376" classname="orientexchange.TC_ForgotPassword"/>
  <system-out/>
  <testcase name="forgot_password" time="25.306" classname="orientexchange.TC_ForgotPassword"/>
  <system-out/>
</testsuite> <!-- orientexchange.TC_ForgotPassword -->
