<?xml version="1.0" encoding="UTF-8"?>
<!-- Generated by org.testng.reporters.JUnitReportReporter -->
<testsuite hostname="DESKTOP-LRTIQQF" name="orientexchange.TC_Sell_Currency" tests="1" failures="0" timestamp="1 Jul 2021 20:19:26 GMT" time="27.413" errors="0">
  <testcase name="sell_currency" time="27.413" classname="orientexchange.TC_Sell_Currency"/>
</testsuite> <!-- orientexchange.TC_Sell_Currency -->
