<?xml version="1.0" encoding="UTF-8"?>
<!-- Generated by org.testng.reporters.JUnitReportReporter -->
<testsuite hostname="DESKTOP-LRTIQQF" name="orientexchange.TC_Sell_Currency" tests="1" failures="0" timestamp="3 Jul 2021 10:28:48 GMT" time="58.188" errors="0">
  <testcase name="sell_currency" time="58.188" classname="orientexchange.TC_Sell_Currency"/>
</testsuite> <!-- orientexchange.TC_Sell_Currency -->
